{"C:\\Users\\Frede\\OneDrive\\AppWeb\\etu-lab2-BisaillonF-main\\src\\components\\01-welcomeMessage.js": {"path":"C:\\Users\\Frede\\OneDrive\\AppWeb\\etu-lab2-BisaillonF-main\\src\\components\\01-welcomeMessage.js","statementMap":{"0":{"start":{"line":4,"column":4},"end":{"line":4,"column":70}},"1":{"start":{"line":5,"column":4},"end":{"line":5,"column":66}},"2":{"start":{"line":8,"column":4},"end":{"line":8,"column":26}},"3":{"start":{"line":13,"column":4},"end":{"line":13,"column":76}},"4":{"start":{"line":13,"column":56},"end":{"line":13,"column":75}},"5":{"start":{"line":14,"column":4},"end":{"line":14,"column":20}},"6":{"start":{"line":18,"column":4},"end":{"line":18,"column":50}},"7":{"start":{"line":22,"column":4},"end":{"line":22,"column":21}},"8":{"start":{"line":23,"column":4},"end":{"line":23,"column":20}}},"fnMap":{"0":{"name":"(anonymous_0)","decl":{"start":{"line":2,"column":2},"end":{"line":2,"column":3}},"loc":{"start":{"line":2,"column":24},"end":{"line":9,"column":3}},"line":2},"1":{"name":"(anonymous_1)","decl":{"start":{"line":11,"column":2},"end":{"line":11,"column":3}},"loc":{"start":{"line":11,"column":16},"end":{"line":15,"column":3}},"line":11},"2":{"name":"(anonymous_2)","decl":{"start":{"line":13,"column":50},"end":{"line":13,"column":51}},"loc":{"start":{"line":13,"column":56},"end":{"line":13,"column":75}},"line":13},"3":{"name":"(anonymous_3)","decl":{"start":{"line":17,"column":2},"end":{"line":17,"column":3}},"loc":{"start":{"line":17,"column":15},"end":{"line":19,"column":3}},"line":17},"4":{"name":"(anonymous_4)","decl":{"start":{"line":21,"column":2},"end":{"line":21,"column":3}},"loc":{"start":{"line":21,"column":18},"end":{"line":24,"column":3}},"line":21}},"branchMap":{},"s":{"0":2,"1":2,"2":2,"3":2,"4":1,"5":2,"6":3,"7":1,"8":1},"f":{"0":2,"1":2,"2":1,"3":3,"4":1},"b":{},"_coverageSchema":"1a1c01bbd47fc00a2c39e90264f33305004495a9","hash":"89b948dda3e9d52309d4cb16247126058940a5bf"}
,"C:\\Users\\Frede\\OneDrive\\AppWeb\\etu-lab2-BisaillonF-main\\src\\components\\02-clickCounter.js": {"path":"C:\\Users\\Frede\\OneDrive\\AppWeb\\etu-lab2-BisaillonF-main\\src\\components\\02-clickCounter.js","statementMap":{"0":{"start":{"line":3,"column":4},"end":{"line":3,"column":55}},"1":{"start":{"line":4,"column":4},"end":{"line":4,"column":70}},"2":{"start":{"line":5,"column":4},"end":{"line":5,"column":21}},"3":{"start":{"line":9,"column":4},"end":{"line":9,"column":80}},"4":{"start":{"line":9,"column":56},"end":{"line":9,"column":79}},"5":{"start":{"line":10,"column":4},"end":{"line":10,"column":20}},"6":{"start":{"line":11,"column":4},"end":{"line":11,"column":20}},"7":{"start":{"line":15,"column":4},"end":{"line":15,"column":43}},"8":{"start":{"line":19,"column":4},"end":{"line":19,"column":21}},"9":{"start":{"line":20,"column":4},"end":{"line":20,"column":20}}},"fnMap":{"0":{"name":"(anonymous_0)","decl":{"start":{"line":2,"column":2},"end":{"line":2,"column":3}},"loc":{"start":{"line":2,"column":17},"end":{"line":6,"column":3}},"line":2},"1":{"name":"(anonymous_1)","decl":{"start":{"line":8,"column":2},"end":{"line":8,"column":3}},"loc":{"start":{"line":8,"column":16},"end":{"line":12,"column":3}},"line":8},"2":{"name":"(anonymous_2)","decl":{"start":{"line":9,"column":50},"end":{"line":9,"column":51}},"loc":{"start":{"line":9,"column":56},"end":{"line":9,"column":79}},"line":9},"3":{"name":"(anonymous_3)","decl":{"start":{"line":14,"column":2},"end":{"line":14,"column":3}},"loc":{"start":{"line":14,"column":15},"end":{"line":16,"column":3}},"line":14},"4":{"name":"(anonymous_4)","decl":{"start":{"line":18,"column":2},"end":{"line":18,"column":3}},"loc":{"start":{"line":18,"column":22},"end":{"line":21,"column":3}},"line":18}},"branchMap":{},"s":{"0":2,"1":2,"2":2,"3":2,"4":1,"5":2,"6":2,"7":3,"8":1,"9":1},"f":{"0":2,"1":2,"2":1,"3":3,"4":1},"b":{},"_coverageSchema":"1a1c01bbd47fc00a2c39e90264f33305004495a9","hash":"2a201ff3229b338f64a1ae2823268c08c592f8eb"}
,"C:\\Users\\Frede\\OneDrive\\AppWeb\\etu-lab2-BisaillonF-main\\src\\components\\03-calculator.js": {"path":"C:\\Users\\Frede\\OneDrive\\AppWeb\\etu-lab2-BisaillonF-main\\src\\components\\03-calculator.js","statementMap":{"0":{"start":{"line":3,"column":4},"end":{"line":3,"column":56}},"1":{"start":{"line":4,"column":4},"end":{"line":4,"column":56}},"2":{"start":{"line":5,"column":4},"end":{"line":5,"column":61}},"3":{"start":{"line":6,"column":4},"end":{"line":6,"column":47}},"4":{"start":{"line":7,"column":4},"end":{"line":7,"column":16}},"5":{"start":{"line":11,"column":4},"end":{"line":11,"column":73}},"6":{"start":{"line":11,"column":53},"end":{"line":11,"column":72}},"7":{"start":{"line":12,"column":4},"end":{"line":12,"column":20}},"8":{"start":{"line":16,"column":4},"end":{"line":16,"column":35}},"9":{"start":{"line":20,"column":20},"end":{"line":20,"column":54}},"10":{"start":{"line":21,"column":20},"end":{"line":21,"column":54}},"11":{"start":{"line":22,"column":4},"end":{"line":22,"column":32}},"12":{"start":{"line":23,"column":4},"end":{"line":23,"column":20}}},"fnMap":{"0":{"name":"(anonymous_0)","decl":{"start":{"line":2,"column":2},"end":{"line":2,"column":3}},"loc":{"start":{"line":2,"column":17},"end":{"line":8,"column":3}},"line":2},"1":{"name":"(anonymous_1)","decl":{"start":{"line":10,"column":2},"end":{"line":10,"column":3}},"loc":{"start":{"line":10,"column":16},"end":{"line":13,"column":3}},"line":10},"2":{"name":"(anonymous_2)","decl":{"start":{"line":11,"column":47},"end":{"line":11,"column":48}},"loc":{"start":{"line":11,"column":53},"end":{"line":11,"column":72}},"line":11},"3":{"name":"(anonymous_3)","decl":{"start":{"line":15,"column":2},"end":{"line":15,"column":3}},"loc":{"start":{"line":15,"column":15},"end":{"line":17,"column":3}},"line":15},"4":{"name":"(anonymous_4)","decl":{"start":{"line":19,"column":2},"end":{"line":19,"column":3}},"loc":{"start":{"line":19,"column":18},"end":{"line":24,"column":3}},"line":19}},"branchMap":{},"s":{"0":4,"1":4,"2":4,"3":4,"4":4,"5":4,"6":1,"7":4,"8":5,"9":1,"10":1,"11":1,"12":1},"f":{"0":4,"1":4,"2":1,"3":5,"4":1},"b":{},"_coverageSchema":"1a1c01bbd47fc00a2c39e90264f33305004495a9","hash":"110cd65f06434efce2b0aa57136a423a138a8426"}
,"C:\\Users\\Frede\\OneDrive\\AppWeb\\etu-lab2-BisaillonF-main\\src\\components\\04-favoriteCourse.js": {"path":"C:\\Users\\Frede\\OneDrive\\AppWeb\\etu-lab2-BisaillonF-main\\src\\components\\04-favoriteCourse.js","statementMap":{"0":{"start":{"line":3,"column":24},"end":{"line":3,"column":76}},"1":{"start":{"line":4,"column":23},"end":{"line":4,"column":61}},"2":{"start":{"line":5,"column":19},"end":{"line":5,"column":36}},"3":{"start":{"line":6,"column":29},"end":{"line":6,"column":71}},"4":{"start":{"line":7,"column":27},"end":{"line":7,"column":29}},"5":{"start":{"line":11,"column":4},"end":{"line":15,"column":5}},"6":{"start":{"line":11,"column":21},"end":{"line":11,"column":22}},"7":{"start":{"line":12,"column":6},"end":{"line":14,"column":7}},"8":{"start":{"line":13,"column":8},"end":{"line":13,"column":34}},"9":{"start":{"line":16,"column":4},"end":{"line":16,"column":20}},"10":{"start":{"line":20,"column":4},"end":{"line":20,"column":47}},"11":{"start":{"line":24,"column":4},"end":{"line":24,"column":60}},"12":{"start":{"line":25,"column":4},"end":{"line":25,"column":20}}},"fnMap":{"0":{"name":"(anonymous_0)","decl":{"start":{"line":2,"column":2},"end":{"line":2,"column":3}},"loc":{"start":{"line":2,"column":17},"end":{"line":8,"column":3}},"line":2},"1":{"name":"(anonymous_1)","decl":{"start":{"line":10,"column":2},"end":{"line":10,"column":3}},"loc":{"start":{"line":10,"column":16},"end":{"line":17,"column":3}},"line":10},"2":{"name":"(anonymous_2)","decl":{"start":{"line":12,"column":55},"end":{"line":12,"column":56}},"loc":{"start":{"line":13,"column":8},"end":{"line":13,"column":34}},"line":13},"3":{"name":"(anonymous_3)","decl":{"start":{"line":19,"column":2},"end":{"line":19,"column":3}},"loc":{"start":{"line":19,"column":15},"end":{"line":21,"column":3}},"line":19},"4":{"name":"(anonymous_4)","decl":{"start":{"line":23,"column":2},"end":{"line":23,"column":3}},"loc":{"start":{"line":23,"column":25},"end":{"line":26,"column":3}},"line":23}},"branchMap":{},"s":{"0":2,"1":2,"2":2,"3":2,"4":2,"5":2,"6":2,"7":0,"8":0,"9":2,"10":2,"11":0,"12":0},"f":{"0":2,"1":2,"2":0,"3":2,"4":0},"b":{},"_coverageSchema":"1a1c01bbd47fc00a2c39e90264f33305004495a9","hash":"020d2c74e19e6a0e1e5b305730c7e6c102f8111b"}
,"C:\\Users\\Frede\\OneDrive\\AppWeb\\etu-lab2-BisaillonF-main\\src\\components\\05-colorsList.js": {"path":"C:\\Users\\Frede\\OneDrive\\AppWeb\\etu-lab2-BisaillonF-main\\src\\components\\05-colorsList.js","statementMap":{"0":{"start":{"line":3,"column":4},"end":{"line":3,"column":56}},"1":{"start":{"line":4,"column":4},"end":{"line":4,"column":23}},"2":{"start":{"line":5,"column":4},"end":{"line":5,"column":64}},"3":{"start":{"line":9,"column":4},"end":{"line":9,"column":77}},"4":{"start":{"line":9,"column":57},"end":{"line":9,"column":76}},"5":{"start":{"line":10,"column":4},"end":{"line":12,"column":5}},"6":{"start":{"line":11,"column":6},"end":{"line":11,"column":37}},"7":{"start":{"line":16,"column":4},"end":{"line":16,"column":24}}},"fnMap":{"0":{"name":"(anonymous_0)","decl":{"start":{"line":2,"column":2},"end":{"line":2,"column":3}},"loc":{"start":{"line":2,"column":23},"end":{"line":6,"column":3}},"line":2},"1":{"name":"(anonymous_1)","decl":{"start":{"line":8,"column":2},"end":{"line":8,"column":3}},"loc":{"start":{"line":8,"column":16},"end":{"line":13,"column":3}},"line":8},"2":{"name":"(anonymous_2)","decl":{"start":{"line":9,"column":51},"end":{"line":9,"column":52}},"loc":{"start":{"line":9,"column":57},"end":{"line":9,"column":76}},"line":9},"3":{"name":"(anonymous_3)","decl":{"start":{"line":10,"column":55},"end":{"line":10,"column":56}},"loc":{"start":{"line":11,"column":6},"end":{"line":11,"column":37}},"line":11},"4":{"name":"(anonymous_4)","decl":{"start":{"line":15,"column":2},"end":{"line":15,"column":3}},"loc":{"start":{"line":15,"column":18},"end":{"line":17,"column":3}},"line":15}},"branchMap":{},"s":{"0":3,"1":3,"2":3,"3":3,"4":1,"5":3,"6":0,"7":1},"f":{"0":3,"1":3,"2":1,"3":0,"4":1},"b":{},"_coverageSchema":"1a1c01bbd47fc00a2c39e90264f33305004495a9","hash":"4fd8d9be2f30660c81bb385e11da023956373871"}
,"C:\\Users\\Frede\\OneDrive\\AppWeb\\etu-lab2-BisaillonF-main\\src\\components\\06-colorsListAdder.js": {"path":"C:\\Users\\Frede\\OneDrive\\AppWeb\\etu-lab2-BisaillonF-main\\src\\components\\06-colorsListAdder.js","statementMap":{},"fnMap":{},"branchMap":{},"s":{},"f":{},"b":{},"_coverageSchema":"1a1c01bbd47fc00a2c39e90264f33305004495a9","hash":"b04737e19bb6eaeb5d4c6a242885988181694aa5"}
,"C:\\Users\\Frede\\OneDrive\\AppWeb\\etu-lab2-BisaillonF-main\\src\\components\\07-catForm.js": {"path":"C:\\Users\\Frede\\OneDrive\\AppWeb\\etu-lab2-BisaillonF-main\\src\\components\\07-catForm.js","statementMap":{},"fnMap":{},"branchMap":{},"s":{},"f":{},"b":{},"_coverageSchema":"1a1c01bbd47fc00a2c39e90264f33305004495a9","hash":"a77a567700b540540e3150ecccd0a3aa94c71007"}
,"C:\\Users\\Frede\\OneDrive\\AppWeb\\etu-lab2-BisaillonF-main\\src\\components\\08-dogSelect.js": {"path":"C:\\Users\\Frede\\OneDrive\\AppWeb\\etu-lab2-BisaillonF-main\\src\\components\\08-dogSelect.js","statementMap":{},"fnMap":{},"branchMap":{},"s":{},"f":{},"b":{},"_coverageSchema":"1a1c01bbd47fc00a2c39e90264f33305004495a9","hash":"d826410518edec33217ab8c9088fecf6183e237b"}
,"C:\\Users\\Frede\\OneDrive\\AppWeb\\etu-lab2-BisaillonF-main\\src\\data\\manyDogs.js": {"path":"C:\\Users\\Frede\\OneDrive\\AppWeb\\etu-lab2-BisaillonF-main\\src\\data\\manyDogs.js","statementMap":{"0":{"start":{"line":1,"column":17},"end":{"line":17,"column":1}}},"fnMap":{},"branchMap":{},"s":{"0":1},"f":{},"b":{},"_coverageSchema":"1a1c01bbd47fc00a2c39e90264f33305004495a9","hash":"fe18b30a18603bb5fe1d80af6575823a46026e3b"}
,"C:\\Users\\Frede\\OneDrive\\AppWeb\\etu-lab2-BisaillonF-main\\src\\data\\oneCat.js": {"path":"C:\\Users\\Frede\\OneDrive\\AppWeb\\etu-lab2-BisaillonF-main\\src\\data\\oneCat.js","statementMap":{"0":{"start":{"line":1,"column":15},"end":{"line":5,"column":1}}},"fnMap":{},"branchMap":{},"s":{"0":1},"f":{},"b":{},"_coverageSchema":"1a1c01bbd47fc00a2c39e90264f33305004495a9","hash":"5b708d476c14f11d734f274fcccb5613067ec33a"}
}
