TN:
SF:src\components\01-welcomeMessage.js
FN:2,(anonymous_0)
FN:11,(anonymous_1)
FN:13,(anonymous_2)
FN:17,(anonymous_3)
FN:21,(anonymous_4)
FNF:5
FNH:5
FNDA:2,(anonymous_0)
FNDA:2,(anonymous_1)
FNDA:1,(anonymous_2)
FNDA:3,(anonymous_3)
FNDA:1,(anonymous_4)
DA:4,2
DA:5,2
DA:8,2
DA:13,2
DA:14,2
DA:18,3
DA:22,1
DA:23,1
LF:8
LH:8
BRF:0
BRH:0
end_of_record
TN:
SF:src\components\02-clickCounter.js
FN:2,(anonymous_0)
FN:8,(anonymous_1)
FN:9,(anonymous_2)
FN:14,(anonymous_3)
FN:18,(anonymous_4)
FNF:5
FNH:5
FNDA:2,(anonymous_0)
FNDA:2,(anonymous_1)
FNDA:1,(anonymous_2)
FNDA:3,(anonymous_3)
FNDA:1,(anonymous_4)
DA:3,2
DA:4,2
DA:5,2
DA:9,2
DA:10,2
DA:11,2
DA:15,3
DA:19,1
DA:20,1
LF:9
LH:9
BRF:0
BRH:0
end_of_record
TN:
SF:src\components\03-calculator.js
FN:2,(anonymous_0)
FN:10,(anonymous_1)
FN:11,(anonymous_2)
FN:15,(anonymous_3)
FN:19,(anonymous_4)
FNF:5
FNH:5
FNDA:4,(anonymous_0)
FNDA:4,(anonymous_1)
FNDA:1,(anonymous_2)
FNDA:5,(anonymous_3)
FNDA:1,(anonymous_4)
DA:3,4
DA:4,4
DA:5,4
DA:6,4
DA:7,4
DA:11,4
DA:12,4
DA:16,5
DA:20,1
DA:21,1
DA:22,1
DA:23,1
LF:12
LH:12
BRF:0
BRH:0
end_of_record
TN:
SF:src\components\04-favoriteCourse.js
FN:2,(anonymous_0)
FN:10,(anonymous_1)
FN:12,(anonymous_2)
FN:19,(anonymous_3)
FN:23,(anonymous_4)
FNF:5
FNH:3
FNDA:2,(anonymous_0)
FNDA:2,(anonymous_1)
FNDA:0,(anonymous_2)
FNDA:2,(anonymous_3)
FNDA:0,(anonymous_4)
DA:3,2
DA:4,2
DA:5,2
DA:6,2
DA:7,2
DA:11,2
DA:12,0
DA:13,0
DA:16,2
DA:20,2
DA:24,0
DA:25,0
LF:12
LH:8
BRF:0
BRH:0
end_of_record
TN:
SF:src\components\05-colorsList.js
FN:2,(anonymous_0)
FN:8,(anonymous_1)
FN:9,(anonymous_2)
FN:10,(anonymous_3)
FN:15,(anonymous_4)
FNF:5
FNH:4
FNDA:3,(anonymous_0)
FNDA:3,(anonymous_1)
FNDA:1,(anonymous_2)
FNDA:0,(anonymous_3)
FNDA:1,(anonymous_4)
DA:3,3
DA:4,3
DA:5,3
DA:9,3
DA:10,3
DA:11,0
DA:16,1
LF:7
LH:6
BRF:0
BRH:0
end_of_record
TN:
SF:src\components\06-colorsListAdder.js
FNF:0
FNH:0
LF:0
LH:0
BRF:0
BRH:0
end_of_record
TN:
SF:src\components\07-catForm.js
FNF:0
FNH:0
LF:0
LH:0
BRF:0
BRH:0
end_of_record
TN:
SF:src\components\08-dogSelect.js
FNF:0
FNH:0
LF:0
LH:0
BRF:0
BRH:0
end_of_record
TN:
SF:src\data\manyDogs.js
FNF:0
FNH:0
DA:1,1
LF:1
LH:1
BRF:0
BRH:0
end_of_record
TN:
SF:src\data\oneCat.js
FNF:0
FNH:0
DA:1,1
LF:1
LH:1
BRF:0
BRH:0
end_of_record
